Assuming unrestricted shared filesystem usage.
None
host: test
Building DAG of jobs...
Using shell: /usr/bin/bash
Provided cores: 4
Rules claiming more threads will be scaled down.
Job stats:
job                     count
--------------------  -------
SubcellAnnoCheck            1
all_SubcellAnnoCheck        1
total                       2

Select jobs to execute...
Execute 1 jobs...
[Mon Aug 11 15:08:41 2025]
localrule SubcellAnnoCheck:
    input: result_out/09_Subset_CellAnno/Adult_BoneMarrow/seurat_output.Rdata
    output: result_out/10_SubcellAnnoCheck/Adult_BoneMarrow/seurat_rdata.Rdata, figure_out/10_SubcellAnnoCheck/Adult_BoneMarrow/Dimplot.pdf
    jobid: 1
    reason: Missing output files: result_out/10_SubcellAnnoCheck/Adult_BoneMarrow/seurat_rdata.Rdata
    wildcards: tissue_all=Adult_BoneMarrow
    resources: tmpdir=/tmp
[Mon Aug 11 15:09:11 2025]
Finished jobid: 1 (Rule: SubcellAnnoCheck)
1 of 2 steps (50%) done
Select jobs to execute...
Execute 1 jobs...
[Mon Aug 11 15:09:11 2025]
localrule all_SubcellAnnoCheck:
    input: result_out/10_SubcellAnnoCheck/Adult_BoneMarrow/seurat_rdata.Rdata, result_out/10_SubcellAnnoCheck/Adult_PeripheralBlood/seurat_rdata.Rdata, result_out/10_SubcellAnnoCheck/Adult_Spleen/seurat_rdata.Rdata, result_out/10_SubcellAnnoCheck/Adult_PeritonealCavity/seurat_rdata.Rdata, figure_out/10_SubcellAnnoCheck/Adult_BoneMarrow/Dimplot.pdf, figure_out/10_SubcellAnnoCheck/Adult_PeripheralBlood/Dimplot.pdf, figure_out/10_SubcellAnnoCheck/Adult_Spleen/Dimplot.pdf, figure_out/10_SubcellAnnoCheck/Adult_PeritonealCavity/Dimplot.pdf
    jobid: 0
    reason: Input files updated by another job: result_out/10_SubcellAnnoCheck/Adult_BoneMarrow/seurat_rdata.Rdata, figure_out/10_SubcellAnnoCheck/Adult_BoneMarrow/Dimplot.pdf
    resources: tmpdir=/tmp
[Mon Aug 11 15:09:11 2025]
Finished jobid: 0 (Rule: all_SubcellAnnoCheck)
2 of 2 steps (100%) done
Complete log(s): /home/test/workshop/B1/scDB_mine/.snakemake/log/2025-08-11T150841.584482.snakemake.log
