Building DAG of jobs...
Using shell: /usr/bin/bash
Provided cores: 4
Rules claiming more threads will be scaled down.
Job stats:
job               count
--------------  -------
RcisTarget            4
all_RcisTarget        1
total                 5

Select jobs to execute...

[Wed Aug  6 15:16:17 2025]
rule RcisTarget:
    input: result_out/11_trans2loom/Adult_PeripheralBlood/loom_sce.loom, result_out/12_pyscenic_grn/Adult_PeripheralBlood/sce.adj.tsv
    output: result_out/13_RcisTarget/Adult_PeripheralBlood/sce.regulons.csv
    jobid: 2
    reason: Missing output files: result_out/13_RcisTarget/Adult_PeripheralBlood/sce.regulons.csv
    wildcards: tissue_all=Adult_PeripheralBlood
    resources: tmpdir=/tmp


[Wed Aug  6 15:16:17 2025]
rule RcisTarget:
    input: result_out/11_trans2loom/Adult_BoneMarrow/loom_sce.loom, result_out/12_pyscenic_grn/Adult_BoneMarrow/sce.adj.tsv
    output: result_out/13_RcisTarget/Adult_BoneMarrow/sce.regulons.csv
    jobid: 1
    reason: Missing output files: result_out/13_RcisTarget/Adult_BoneMarrow/sce.regulons.csv
    wildcards: tissue_all=Adult_BoneMarrow
    resources: tmpdir=/tmp


[Wed Aug  6 15:16:17 2025]
rule RcisTarget:
    input: result_out/11_trans2loom/Adult_Spleen/loom_sce.loom, result_out/12_pyscenic_grn/Adult_Spleen/sce.adj.tsv
    output: result_out/13_RcisTarget/Adult_Spleen/sce.regulons.csv
    jobid: 3
    reason: Missing output files: result_out/13_RcisTarget/Adult_Spleen/sce.regulons.csv
    wildcards: tissue_all=Adult_Spleen
    resources: tmpdir=/tmp


[Wed Aug  6 15:16:17 2025]
rule RcisTarget:
    input: result_out/11_trans2loom/Adult_PeritonealCavity/loom_sce.loom, result_out/12_pyscenic_grn/Adult_PeritonealCavity/sce.adj.tsv
    output: result_out/13_RcisTarget/Adult_PeritonealCavity/sce.regulons.csv
    jobid: 4
    reason: Missing output files: result_out/13_RcisTarget/Adult_PeritonealCavity/sce.regulons.csv
    wildcards: tissue_all=Adult_PeritonealCavity
    resources: tmpdir=/tmp

[Wed Aug  6 15:16:21 2025]
Error in rule RcisTarget:
    jobid: 2
    input: result_out/11_trans2loom/Adult_PeripheralBlood/loom_sce.loom, result_out/12_pyscenic_grn/Adult_PeripheralBlood/sce.adj.tsv
    output: result_out/13_RcisTarget/Adult_PeripheralBlood/sce.regulons.csv
    shell:
        
        pyscenic ctx             --num_workers 10             --output result_out/13_RcisTarget/Adult_PeripheralBlood/sce.regulons.csv             --expression_mtx_fname result_out/11_trans2loom/Adult_PeripheralBlood/loom_sce.loom             --all_modules             --mask_dropouts             --mode "dask_multiprocessing"             --min_genes 10             --annotations_fname db/pyscenic/mouse/motifs-v10nr_clust-nr.mgi-m0.001-o0.0.tbl             result_out/12_pyscenic_grn/Adult_PeripheralBlood/sce.adj.tsv             db/pyscenic/mouse/db/pyscenic/mouse/mm10__refseq-r80__10kb_up_and_down_tss.mc9nr.genes_vs_motifs.rankings.feather
        
        (one of the commands exited with non-zero exit code; note that snakemake uses bash strict mode!)

Removing output files of failed job RcisTarget since they might be corrupted:
result_out/13_RcisTarget/Adult_PeripheralBlood/sce.regulons.csv
[Wed Aug  6 15:16:21 2025]
Error in rule RcisTarget:
    jobid: 4
    input: result_out/11_trans2loom/Adult_PeritonealCavity/loom_sce.loom, result_out/12_pyscenic_grn/Adult_PeritonealCavity/sce.adj.tsv
    output: result_out/13_RcisTarget/Adult_PeritonealCavity/sce.regulons.csv
    shell:
        
        pyscenic ctx             --num_workers 10             --output result_out/13_RcisTarget/Adult_PeritonealCavity/sce.regulons.csv             --expression_mtx_fname result_out/11_trans2loom/Adult_PeritonealCavity/loom_sce.loom             --all_modules             --mask_dropouts             --mode "dask_multiprocessing"             --min_genes 10             --annotations_fname db/pyscenic/mouse/motifs-v10nr_clust-nr.mgi-m0.001-o0.0.tbl             result_out/12_pyscenic_grn/Adult_PeritonealCavity/sce.adj.tsv             db/pyscenic/mouse/db/pyscenic/mouse/mm10__refseq-r80__10kb_up_and_down_tss.mc9nr.genes_vs_motifs.rankings.feather
        
        (one of the commands exited with non-zero exit code; note that snakemake uses bash strict mode!)

Removing output files of failed job RcisTarget since they might be corrupted:
result_out/13_RcisTarget/Adult_PeritonealCavity/sce.regulons.csv
[Wed Aug  6 15:16:21 2025]
Error in rule RcisTarget:
    jobid: 3
    input: result_out/11_trans2loom/Adult_Spleen/loom_sce.loom, result_out/12_pyscenic_grn/Adult_Spleen/sce.adj.tsv
    output: result_out/13_RcisTarget/Adult_Spleen/sce.regulons.csv
    shell:
        
        pyscenic ctx             --num_workers 10             --output result_out/13_RcisTarget/Adult_Spleen/sce.regulons.csv             --expression_mtx_fname result_out/11_trans2loom/Adult_Spleen/loom_sce.loom             --all_modules             --mask_dropouts             --mode "dask_multiprocessing"             --min_genes 10             --annotations_fname db/pyscenic/mouse/motifs-v10nr_clust-nr.mgi-m0.001-o0.0.tbl             result_out/12_pyscenic_grn/Adult_Spleen/sce.adj.tsv             db/pyscenic/mouse/db/pyscenic/mouse/mm10__refseq-r80__10kb_up_and_down_tss.mc9nr.genes_vs_motifs.rankings.feather
        
        (one of the commands exited with non-zero exit code; note that snakemake uses bash strict mode!)

Removing output files of failed job RcisTarget since they might be corrupted:
result_out/13_RcisTarget/Adult_Spleen/sce.regulons.csv
[Wed Aug  6 15:16:21 2025]
Error in rule RcisTarget:
    jobid: 1
    input: result_out/11_trans2loom/Adult_BoneMarrow/loom_sce.loom, result_out/12_pyscenic_grn/Adult_BoneMarrow/sce.adj.tsv
    output: result_out/13_RcisTarget/Adult_BoneMarrow/sce.regulons.csv
    shell:
        
        pyscenic ctx             --num_workers 10             --output result_out/13_RcisTarget/Adult_BoneMarrow/sce.regulons.csv             --expression_mtx_fname result_out/11_trans2loom/Adult_BoneMarrow/loom_sce.loom             --all_modules             --mask_dropouts             --mode "dask_multiprocessing"             --min_genes 10             --annotations_fname db/pyscenic/mouse/motifs-v10nr_clust-nr.mgi-m0.001-o0.0.tbl             result_out/12_pyscenic_grn/Adult_BoneMarrow/sce.adj.tsv             db/pyscenic/mouse/db/pyscenic/mouse/mm10__refseq-r80__10kb_up_and_down_tss.mc9nr.genes_vs_motifs.rankings.feather
        
        (one of the commands exited with non-zero exit code; note that snakemake uses bash strict mode!)

Removing output files of failed job RcisTarget since they might be corrupted:
result_out/13_RcisTarget/Adult_BoneMarrow/sce.regulons.csv
Shutting down, this might take some time.
Exiting because a job execution failed. Look above for error message
Complete log: .snakemake/log/2025-08-06T151617.461563.snakemake.log
