Assuming unrestricted shared filesystem usage.
None
host: test
Building DAG of jobs...
Using shell: /usr/bin/bash
Provided cores: 4
Rules claiming more threads will be scaled down.
Job stats:
job               count
--------------  -------
Subset_SCT            4
all_Subset_SCT        1
total                 5

Select jobs to execute...
Execute 4 jobs...
[Mon Aug  4 16:04:08 2025]
localrule Subset_SCT:
    input: result_out/07_SubsetCells/Adult_BoneMarrow/Sub_seurat.Rdata
    output: result_out/08_Subset_SCT/Adult_BoneMarrow/Sub_seurat.Rdata
    jobid: 1
    reason: Missing output files: result_out/08_Subset_SCT/Adult_BoneMarrow/Sub_seurat.Rdata
    wildcards: tissue_all=Adult_BoneMarrow
    resources: tmpdir=/tmp
[Mon Aug  4 16:04:08 2025]
localrule Subset_SCT:
    input: result_out/07_SubsetCells/Adult_PeripheralBlood/Sub_seurat.Rdata
    output: result_out/08_Subset_SCT/Adult_PeripheralBlood/Sub_seurat.Rdata
    jobid: 2
    reason: Missing output files: result_out/08_Subset_SCT/Adult_PeripheralBlood/Sub_seurat.Rdata
    wildcards: tissue_all=Adult_PeripheralBlood
    resources: tmpdir=/tmp
[Mon Aug  4 16:04:08 2025]
localrule Subset_SCT:
    input: result_out/07_SubsetCells/Adult_PeritonealCavity/Sub_seurat.Rdata
    output: result_out/08_Subset_SCT/Adult_PeritonealCavity/Sub_seurat.Rdata
    jobid: 4
    reason: Missing output files: result_out/08_Subset_SCT/Adult_PeritonealCavity/Sub_seurat.Rdata
    wildcards: tissue_all=Adult_PeritonealCavity
    resources: tmpdir=/tmp
[Mon Aug  4 16:04:08 2025]
localrule Subset_SCT:
    input: result_out/07_SubsetCells/Adult_Spleen/Sub_seurat.Rdata
    output: result_out/08_Subset_SCT/Adult_Spleen/Sub_seurat.Rdata
    jobid: 3
    reason: Missing output files: result_out/08_Subset_SCT/Adult_Spleen/Sub_seurat.Rdata
    wildcards: tissue_all=Adult_Spleen
    resources: tmpdir=/tmp
RuleException:
CalledProcessError in file "/home/test/workshop/B1/scDB_mine/Snakefile", line 177:
Command 'set -euo pipefail;  Rscript --vanilla /home/test/workshop/B1/scDB_mine/.snakemake/scripts/tmph95he87j.08_Subset_SCT.R' returned non-zero exit status 1.
[Mon Aug  4 16:04:20 2025]
Error in rule Subset_SCT:
    message: None
    jobid: 4
    input: result_out/07_SubsetCells/Adult_PeritonealCavity/Sub_seurat.Rdata
    output: result_out/08_Subset_SCT/Adult_PeritonealCavity/Sub_seurat.Rdata
[Mon Aug  4 16:04:39 2025]
Finished jobid: 3 (Rule: Subset_SCT)
1 of 5 steps (20%) done
[Mon Aug  4 16:04:43 2025]
Finished jobid: 1 (Rule: Subset_SCT)
2 of 5 steps (40%) done
[Mon Aug  4 16:04:44 2025]
Finished jobid: 2 (Rule: Subset_SCT)
3 of 5 steps (60%) done
Shutting down, this might take some time.
Exiting because a job execution failed. Look below for error messages
[Mon Aug  4 16:04:44 2025]
Error in rule Subset_SCT:
    message: None
    jobid: 4
    input: result_out/07_SubsetCells/Adult_PeritonealCavity/Sub_seurat.Rdata
    output: result_out/08_Subset_SCT/Adult_PeritonealCavity/Sub_seurat.Rdata
Complete log(s): /home/test/workshop/B1/scDB_mine/.snakemake/log/2025-08-04T160408.333433.snakemake.log
WorkflowError:
At least one job did not complete successfully.
