Building DAG of jobs...
Using shell: /usr/bin/bash
Provided cores: 4
Rules claiming more threads will be scaled down.
Job stats:
job                 count
----------------  -------
all_pyscenic_grn        1
pyscenic_grn            1
total                   2

Select jobs to execute...

[Mon Aug 11 15:11:58 2025]
rule pyscenic_grn:
    input: result_out/11_trans2loom/Adult_BoneMarrow/loom_sce.loom
    output: result_out/12_pyscenic_grn/Adult_BoneMarrow/sce.adj.tsv
    jobid: 1
    reason: Missing output files: result_out/12_pyscenic_grn/Adult_BoneMarrow/sce.adj.tsv
    wildcards: tissue_all=Adult_BoneMarrow
    resources: tmpdir=/tmp

[Mon Aug 11 16:02:45 2025]
Finished job 1.
1 of 2 steps (50%) done
Select jobs to execute...

[Mon Aug 11 16:02:45 2025]
localrule all_pyscenic_grn:
    input: result_out/12_pyscenic_grn/Adult_BoneMarrow/sce.adj.tsv, result_out/12_pyscenic_grn/Adult_PeripheralBlood/sce.adj.tsv, result_out/12_pyscenic_grn/Adult_Spleen/sce.adj.tsv, result_out/12_pyscenic_grn/Adult_PeritonealCavity/sce.adj.tsv
    jobid: 0
    reason: Input files updated by another job: result_out/12_pyscenic_grn/Adult_BoneMarrow/sce.adj.tsv
    resources: tmpdir=/tmp

[Mon Aug 11 16:02:45 2025]
Finished job 0.
2 of 2 steps (100%) done
Complete log: .snakemake/log/2025-08-11T151158.038399.snakemake.log
