Building DAG of jobs...
Using shell: /usr/bin/bash
Provided cores: 4
Rules claiming more threads will be scaled down.
Job stats:
job                 count
----------------  -------
all_pyscenic_grn        1
pyscenic_grn            4
total                   5

Select jobs to execute...

[Wed Aug  6 10:38:05 2025]
rule pyscenic_grn:
    input: result_out/11_trans2loom/Adult_BoneMarrow/loom_sce.loom
    output: result_out/12_pyscenic_grn/Adult_BoneMarrow/sce.adj.tsv
    jobid: 1
    reason: Forced execution
    wildcards: tissue_all=Adult_BoneMarrow
    resources: tmpdir=/tmp


[Wed Aug  6 10:38:05 2025]
rule pyscenic_grn:
    input: result_out/11_trans2loom/Adult_Spleen/loom_sce.loom
    output: result_out/12_pyscenic_grn/Adult_Spleen/sce.adj.tsv
    jobid: 3
    reason: Missing output files: result_out/12_pyscenic_grn/Adult_Spleen/sce.adj.tsv; Params have changed since last execution
    wildcards: tissue_all=Adult_Spleen
    resources: tmpdir=/tmp


[Wed Aug  6 10:38:05 2025]
rule pyscenic_grn:
    input: result_out/11_trans2loom/Adult_PeripheralBlood/loom_sce.loom
    output: result_out/12_pyscenic_grn/Adult_PeripheralBlood/sce.adj.tsv
    jobid: 2
    reason: Missing output files: result_out/12_pyscenic_grn/Adult_PeripheralBlood/sce.adj.tsv; Code has changed since last execution
    wildcards: tissue_all=Adult_PeripheralBlood
    resources: tmpdir=/tmp


[Wed Aug  6 10:38:05 2025]
rule pyscenic_grn:
    input: result_out/11_trans2loom/Adult_PeritonealCavity/loom_sce.loom
    output: result_out/12_pyscenic_grn/Adult_PeritonealCavity/sce.adj.tsv
    jobid: 4
    reason: Missing output files: result_out/12_pyscenic_grn/Adult_PeritonealCavity/sce.adj.tsv; Code has changed since last execution
    wildcards: tissue_all=Adult_PeritonealCavity
    resources: tmpdir=/tmp

[Wed Aug  6 10:43:25 2025]
Finished job 3.
1 of 5 steps (20%) done
[Wed Aug  6 10:57:07 2025]
Finished job 2.
2 of 5 steps (40%) done
[Wed Aug  6 11:35:19 2025]
Finished job 1.
3 of 5 steps (60%) done
[Wed Aug  6 14:55:52 2025]
Finished job 4.
4 of 5 steps (80%) done
Select jobs to execute...

[Wed Aug  6 14:55:52 2025]
localrule all_pyscenic_grn:
    input: result_out/12_pyscenic_grn/Adult_BoneMarrow/sce.adj.tsv, result_out/12_pyscenic_grn/Adult_PeripheralBlood/sce.adj.tsv, result_out/12_pyscenic_grn/Adult_Spleen/sce.adj.tsv, result_out/12_pyscenic_grn/Adult_PeritonealCavity/sce.adj.tsv
    jobid: 0
    reason: Input files updated by another job: result_out/12_pyscenic_grn/Adult_PeripheralBlood/sce.adj.tsv, result_out/12_pyscenic_grn/Adult_BoneMarrow/sce.adj.tsv, result_out/12_pyscenic_grn/Adult_PeritonealCavity/sce.adj.tsv, result_out/12_pyscenic_grn/Adult_Spleen/sce.adj.tsv
    resources: tmpdir=/tmp

[Wed Aug  6 14:55:52 2025]
Finished job 0.
5 of 5 steps (100%) done
Complete log: .snakemake/log/2025-08-06T103804.777604.snakemake.log
