Assuming unrestricted shared filesystem usage.
None
host: test
Building DAG of jobs...
Using shell: /usr/bin/bash
Provided cores: 4
Rules claiming more threads will be scaled down.
Job stats:
job                  count
-----------------  -------
Plot_pyscenic            4
all_Plot_pyscenic        1
total                    5

Select jobs to execute...
Execute 4 jobs...
[Thu Aug  7 13:16:45 2025]
localrule Plot_pyscenic:
    input: result_out/14_aucell/Adult_BoneMarrow/sce.SCENIC.loom, result_out/10_SubcellAnnoCheck/Adult_BoneMarrow/seurat_rdata.Rdata
    output: result_out/15_Plot_pyscenic/Adult_BoneMarrow/seurat_rdata.Rdata
    jobid: 1
    reason: Missing output files: result_out/15_Plot_pyscenic/Adult_BoneMarrow/seurat_rdata.Rdata
    wildcards: tissue_all=Adult_BoneMarrow
    resources: tmpdir=/tmp
[Thu Aug  7 13:16:45 2025]
localrule Plot_pyscenic:
    input: result_out/14_aucell/Adult_PeripheralBlood/sce.SCENIC.loom, result_out/10_SubcellAnnoCheck/Adult_PeripheralBlood/seurat_rdata.Rdata
    output: result_out/15_Plot_pyscenic/Adult_PeripheralBlood/seurat_rdata.Rdata
    jobid: 2
    reason: Code has changed since last execution
    wildcards: tissue_all=Adult_PeripheralBlood
    resources: tmpdir=/tmp
[Thu Aug  7 13:16:45 2025]
localrule Plot_pyscenic:
    input: result_out/14_aucell/Adult_Spleen/sce.SCENIC.loom, result_out/10_SubcellAnnoCheck/Adult_Spleen/seurat_rdata.Rdata
    output: result_out/15_Plot_pyscenic/Adult_Spleen/seurat_rdata.Rdata
    jobid: 3
    reason: Code has changed since last execution
    wildcards: tissue_all=Adult_Spleen
    resources: tmpdir=/tmp
[Thu Aug  7 13:16:45 2025]
localrule Plot_pyscenic:
    input: result_out/14_aucell/Adult_PeritonealCavity/sce.SCENIC.loom, result_out/10_SubcellAnnoCheck/Adult_PeritonealCavity/seurat_rdata.Rdata
    output: result_out/15_Plot_pyscenic/Adult_PeritonealCavity/seurat_rdata.Rdata
    jobid: 4
    reason: Code has changed since last execution
    wildcards: tissue_all=Adult_PeritonealCavity
    resources: tmpdir=/tmp
[Thu Aug  7 13:17:05 2025]
Finished jobid: 3 (Rule: Plot_pyscenic)
1 of 5 steps (20%) done
[Thu Aug  7 13:17:06 2025]
Finished jobid: 1 (Rule: Plot_pyscenic)
2 of 5 steps (40%) done
[Thu Aug  7 13:17:07 2025]
Finished jobid: 4 (Rule: Plot_pyscenic)
3 of 5 steps (60%) done
[Thu Aug  7 13:17:07 2025]
Finished jobid: 2 (Rule: Plot_pyscenic)
4 of 5 steps (80%) done
Select jobs to execute...
Execute 1 jobs...
[Thu Aug  7 13:17:07 2025]
localrule all_Plot_pyscenic:
    input: result_out/15_Plot_pyscenic/Adult_BoneMarrow/seurat_rdata.Rdata, result_out/15_Plot_pyscenic/Adult_PeripheralBlood/seurat_rdata.Rdata, result_out/15_Plot_pyscenic/Adult_Spleen/seurat_rdata.Rdata, result_out/15_Plot_pyscenic/Adult_PeritonealCavity/seurat_rdata.Rdata
    jobid: 0
    reason: Input files updated by another job: result_out/15_Plot_pyscenic/Adult_BoneMarrow/seurat_rdata.Rdata, result_out/15_Plot_pyscenic/Adult_Spleen/seurat_rdata.Rdata, result_out/15_Plot_pyscenic/Adult_PeripheralBlood/seurat_rdata.Rdata, result_out/15_Plot_pyscenic/Adult_PeritonealCavity/seurat_rdata.Rdata
    resources: tmpdir=/tmp
[Thu Aug  7 13:17:07 2025]
Finished jobid: 0 (Rule: all_Plot_pyscenic)
5 of 5 steps (100%) done
Complete log(s): /home/test/workshop/B1/scDB_mine/.snakemake/log/2025-08-07T131645.318082.snakemake.log
