Assuming unrestricted shared filesystem usage.
None
host: test
Building DAG of jobs...
Using shell: /usr/bin/bash
Provided cores: 4
Rules claiming more threads will be scaled down.
Job stats:
job               count
--------------  -------
Enrichment            4
all_Enrichment        1
total                 5

Select jobs to execute...
Execute 4 jobs...
[Sun Aug 10 20:08:25 2025]
localrule Enrichment:
    input: result_out/15_Plot_pyscenic/Adult_PeritonealCavity/seurat_rdata.Rdata
    output: result_out/17_Enrichment/Adult_PeritonealCavity/seurat_rdata.Rdata
    jobid: 4
    reason: Code has changed since last execution
    wildcards: tissue_all=Adult_PeritonealCavity
    resources: tmpdir=/tmp
Skipped removing non-empty directory result_out/17_Enrichment/Adult_PeritonealCavity/seurat_rdata.Rdata
[Sun Aug 10 20:08:25 2025]
localrule Enrichment:
    input: result_out/15_Plot_pyscenic/Adult_BoneMarrow/seurat_rdata.Rdata
    output: result_out/17_Enrichment/Adult_BoneMarrow/seurat_rdata.Rdata
    jobid: 1
    reason: Code has changed since last execution
    wildcards: tissue_all=Adult_BoneMarrow
    resources: tmpdir=/tmp
Skipped removing non-empty directory result_out/17_Enrichment/Adult_BoneMarrow/seurat_rdata.Rdata
[Sun Aug 10 20:08:25 2025]
localrule Enrichment:
    input: result_out/15_Plot_pyscenic/Adult_Spleen/seurat_rdata.Rdata
    output: result_out/17_Enrichment/Adult_Spleen/seurat_rdata.Rdata
    jobid: 3
    reason: Code has changed since last execution
    wildcards: tissue_all=Adult_Spleen
    resources: tmpdir=/tmp
Skipped removing non-empty directory result_out/17_Enrichment/Adult_Spleen/seurat_rdata.Rdata
[Sun Aug 10 20:08:25 2025]
localrule Enrichment:
    input: result_out/15_Plot_pyscenic/Adult_PeripheralBlood/seurat_rdata.Rdata
    output: result_out/17_Enrichment/Adult_PeripheralBlood/seurat_rdata.Rdata
    jobid: 2
    reason: Code has changed since last execution
    wildcards: tissue_all=Adult_PeripheralBlood
    resources: tmpdir=/tmp
Skipped removing non-empty directory result_out/17_Enrichment/Adult_PeripheralBlood/seurat_rdata.Rdata
RuleException:
CalledProcessError in file "/home/test/workshop/B1/scDB_mine/Snakefile", line 385:
Command 'set -euo pipefail;  Rscript --vanilla /home/test/workshop/B1/scDB_mine/.snakemake/scripts/tmp4epr0_h4.14_Enrichment.R' returned non-zero exit status 1.
[Sun Aug 10 20:10:34 2025]
Error in rule Enrichment:
    message: None
    jobid: 3
    input: result_out/15_Plot_pyscenic/Adult_Spleen/seurat_rdata.Rdata
    output: result_out/17_Enrichment/Adult_Spleen/seurat_rdata.Rdata
Removing output files of failed job Enrichment since they might be corrupted:
result_out/17_Enrichment/Adult_Spleen/seurat_rdata.Rdata
Skipped removing non-empty directory result_out/17_Enrichment/Adult_Spleen/seurat_rdata.Rdata
RuleException:
CalledProcessError in file "/home/test/workshop/B1/scDB_mine/Snakefile", line 385:
Command 'set -euo pipefail;  Rscript --vanilla /home/test/workshop/B1/scDB_mine/.snakemake/scripts/tmpnrgggee6.14_Enrichment.R' returned non-zero exit status 1.
[Sun Aug 10 20:11:00 2025]
Error in rule Enrichment:
    message: None
    jobid: 4
    input: result_out/15_Plot_pyscenic/Adult_PeritonealCavity/seurat_rdata.Rdata
    output: result_out/17_Enrichment/Adult_PeritonealCavity/seurat_rdata.Rdata
Removing output files of failed job Enrichment since they might be corrupted:
result_out/17_Enrichment/Adult_PeritonealCavity/seurat_rdata.Rdata
Skipped removing non-empty directory result_out/17_Enrichment/Adult_PeritonealCavity/seurat_rdata.Rdata
RuleException:
CalledProcessError in file "/home/test/workshop/B1/scDB_mine/Snakefile", line 385:
Command 'set -euo pipefail;  Rscript --vanilla /home/test/workshop/B1/scDB_mine/.snakemake/scripts/tmpvo_w1xlg.14_Enrichment.R' returned non-zero exit status 1.
[Sun Aug 10 20:11:17 2025]
Error in rule Enrichment:
    message: None
    jobid: 2
    input: result_out/15_Plot_pyscenic/Adult_PeripheralBlood/seurat_rdata.Rdata
    output: result_out/17_Enrichment/Adult_PeripheralBlood/seurat_rdata.Rdata
Removing output files of failed job Enrichment since they might be corrupted:
result_out/17_Enrichment/Adult_PeripheralBlood/seurat_rdata.Rdata
Skipped removing non-empty directory result_out/17_Enrichment/Adult_PeripheralBlood/seurat_rdata.Rdata
RuleException:
CalledProcessError in file "/home/test/workshop/B1/scDB_mine/Snakefile", line 385:
Command 'set -euo pipefail;  Rscript --vanilla /home/test/workshop/B1/scDB_mine/.snakemake/scripts/tmprh_700x0.14_Enrichment.R' returned non-zero exit status 1.
[Sun Aug 10 20:11:28 2025]
Error in rule Enrichment:
    message: None
    jobid: 1
    input: result_out/15_Plot_pyscenic/Adult_BoneMarrow/seurat_rdata.Rdata
    output: result_out/17_Enrichment/Adult_BoneMarrow/seurat_rdata.Rdata
Removing output files of failed job Enrichment since they might be corrupted:
result_out/17_Enrichment/Adult_BoneMarrow/seurat_rdata.Rdata
Skipped removing non-empty directory result_out/17_Enrichment/Adult_BoneMarrow/seurat_rdata.Rdata
Shutting down, this might take some time.
Exiting because a job execution failed. Look below for error messages
[Sun Aug 10 20:11:28 2025]
Error in rule Enrichment:
    message: None
    jobid: 4
    input: result_out/15_Plot_pyscenic/Adult_PeritonealCavity/seurat_rdata.Rdata
    output: result_out/17_Enrichment/Adult_PeritonealCavity/seurat_rdata.Rdata
[Sun Aug 10 20:11:28 2025]
Error in rule Enrichment:
    message: None
    jobid: 3
    input: result_out/15_Plot_pyscenic/Adult_Spleen/seurat_rdata.Rdata
    output: result_out/17_Enrichment/Adult_Spleen/seurat_rdata.Rdata
[Sun Aug 10 20:11:28 2025]
Error in rule Enrichment:
    message: None
    jobid: 1
    input: result_out/15_Plot_pyscenic/Adult_BoneMarrow/seurat_rdata.Rdata
    output: result_out/17_Enrichment/Adult_BoneMarrow/seurat_rdata.Rdata
[Sun Aug 10 20:11:28 2025]
Error in rule Enrichment:
    message: None
    jobid: 2
    input: result_out/15_Plot_pyscenic/Adult_PeripheralBlood/seurat_rdata.Rdata
    output: result_out/17_Enrichment/Adult_PeripheralBlood/seurat_rdata.Rdata
Complete log(s): /home/test/workshop/B1/scDB_mine/.snakemake/log/2025-08-10T200824.880269.snakemake.log
WorkflowError:
At least one job did not complete successfully.
