Assuming unrestricted shared filesystem usage.
None
host: test
Building DAG of jobs...
Using shell: /usr/bin/bash
Provided cores: 4
Rules claiming more threads will be scaled down.
Job stats:
job               count
--------------  -------
Enrichment            4
all_Enrichment        1
total                 5

Select jobs to execute...
Execute 4 jobs...
[Sun Aug 10 20:18:46 2025]
localrule Enrichment:
    input: result_out/15_Plot_pyscenic/Adult_PeritonealCavity/seurat_rdata.Rdata
    output: result_out/17_Enrichment/Adult_PeritonealCavity/seurat_rdata.Rdata
    jobid: 4
    reason: Missing output files: result_out/17_Enrichment/Adult_PeritonealCavity/seurat_rdata.Rdata
    wildcards: tissue_all=Adult_PeritonealCavity
    resources: tmpdir=/tmp
[Sun Aug 10 20:18:46 2025]
localrule Enrichment:
    input: result_out/15_Plot_pyscenic/Adult_BoneMarrow/seurat_rdata.Rdata
    output: result_out/17_Enrichment/Adult_BoneMarrow/seurat_rdata.Rdata
    jobid: 1
    reason: Missing output files: result_out/17_Enrichment/Adult_BoneMarrow/seurat_rdata.Rdata
    wildcards: tissue_all=Adult_BoneMarrow
    resources: tmpdir=/tmp
[Sun Aug 10 20:18:46 2025]
localrule Enrichment:
    input: result_out/15_Plot_pyscenic/Adult_Spleen/seurat_rdata.Rdata
    output: result_out/17_Enrichment/Adult_Spleen/seurat_rdata.Rdata
    jobid: 3
    reason: Missing output files: result_out/17_Enrichment/Adult_Spleen/seurat_rdata.Rdata
    wildcards: tissue_all=Adult_Spleen
    resources: tmpdir=/tmp
[Sun Aug 10 20:18:46 2025]
localrule Enrichment:
    input: result_out/15_Plot_pyscenic/Adult_PeripheralBlood/seurat_rdata.Rdata
    output: result_out/17_Enrichment/Adult_PeripheralBlood/seurat_rdata.Rdata
    jobid: 2
    reason: Missing output files: result_out/17_Enrichment/Adult_PeripheralBlood/seurat_rdata.Rdata
    wildcards: tissue_all=Adult_PeripheralBlood
    resources: tmpdir=/tmp
RuleException:
CalledProcessError in file "/home/test/workshop/B1/scDB_mine/Snakefile", line 385:
Command 'set -euo pipefail;  Rscript --vanilla /home/test/workshop/B1/scDB_mine/.snakemake/scripts/tmpr2f9hx6a.14_Enrichment.R' returned non-zero exit status 1.
[Sun Aug 10 20:20:46 2025]
Error in rule Enrichment:
    message: None
    jobid: 3
    input: result_out/15_Plot_pyscenic/Adult_Spleen/seurat_rdata.Rdata
    output: result_out/17_Enrichment/Adult_Spleen/seurat_rdata.Rdata
RuleException:
CalledProcessError in file "/home/test/workshop/B1/scDB_mine/Snakefile", line 385:
Command 'set -euo pipefail;  Rscript --vanilla /home/test/workshop/B1/scDB_mine/.snakemake/scripts/tmpjnkuv6v1.14_Enrichment.R' returned non-zero exit status 1.
[Sun Aug 10 20:20:50 2025]
Error in rule Enrichment:
    message: None
    jobid: 4
    input: result_out/15_Plot_pyscenic/Adult_PeritonealCavity/seurat_rdata.Rdata
    output: result_out/17_Enrichment/Adult_PeritonealCavity/seurat_rdata.Rdata
RuleException:
CalledProcessError in file "/home/test/workshop/B1/scDB_mine/Snakefile", line 385:
Command 'set -euo pipefail;  Rscript --vanilla /home/test/workshop/B1/scDB_mine/.snakemake/scripts/tmpw9m2w55m.14_Enrichment.R' returned non-zero exit status 1.
[Sun Aug 10 20:21:18 2025]
Error in rule Enrichment:
    message: None
    jobid: 1
    input: result_out/15_Plot_pyscenic/Adult_BoneMarrow/seurat_rdata.Rdata
    output: result_out/17_Enrichment/Adult_BoneMarrow/seurat_rdata.Rdata
RuleException:
CalledProcessError in file "/home/test/workshop/B1/scDB_mine/Snakefile", line 385:
Command 'set -euo pipefail;  Rscript --vanilla /home/test/workshop/B1/scDB_mine/.snakemake/scripts/tmp0cz_og79.14_Enrichment.R' returned non-zero exit status 1.
[Sun Aug 10 20:21:27 2025]
Error in rule Enrichment:
    message: None
    jobid: 2
    input: result_out/15_Plot_pyscenic/Adult_PeripheralBlood/seurat_rdata.Rdata
    output: result_out/17_Enrichment/Adult_PeripheralBlood/seurat_rdata.Rdata
Shutting down, this might take some time.
Exiting because a job execution failed. Look below for error messages
[Sun Aug 10 20:21:27 2025]
Error in rule Enrichment:
    message: None
    jobid: 4
    input: result_out/15_Plot_pyscenic/Adult_PeritonealCavity/seurat_rdata.Rdata
    output: result_out/17_Enrichment/Adult_PeritonealCavity/seurat_rdata.Rdata
[Sun Aug 10 20:21:27 2025]
Error in rule Enrichment:
    message: None
    jobid: 3
    input: result_out/15_Plot_pyscenic/Adult_Spleen/seurat_rdata.Rdata
    output: result_out/17_Enrichment/Adult_Spleen/seurat_rdata.Rdata
[Sun Aug 10 20:21:27 2025]
Error in rule Enrichment:
    message: None
    jobid: 1
    input: result_out/15_Plot_pyscenic/Adult_BoneMarrow/seurat_rdata.Rdata
    output: result_out/17_Enrichment/Adult_BoneMarrow/seurat_rdata.Rdata
[Sun Aug 10 20:21:27 2025]
Error in rule Enrichment:
    message: None
    jobid: 2
    input: result_out/15_Plot_pyscenic/Adult_PeripheralBlood/seurat_rdata.Rdata
    output: result_out/17_Enrichment/Adult_PeripheralBlood/seurat_rdata.Rdata
Complete log(s): /home/test/workshop/B1/scDB_mine/.snakemake/log/2025-08-10T201845.739568.snakemake.log
WorkflowError:
At least one job did not complete successfully.
