Building DAG of jobs...
Using shell: /usr/bin/bash
Provided cores: 4
Rules claiming more threads will be scaled down.
Job stats:
job           count
----------  -------
all_aucell        1
aucell            4
total             5

Select jobs to execute...

[Wed Aug  6 15:59:41 2025]
rule aucell:
    input: result_out/11_trans2loom/Adult_BoneMarrow/loom_sce.loom, result_out/13_RcisTarget/Adult_BoneMarrow/sce.regulons.csv
    output: result_out/14_aucell/Adult_BoneMarrow/sce.SCENIC.loom
    jobid: 1
    reason: Missing output files: result_out/14_aucell/Adult_BoneMarrow/sce.SCENIC.loom
    wildcards: tissue_all=Adult_BoneMarrow
    resources: tmpdir=/tmp


[Wed Aug  6 15:59:41 2025]
rule aucell:
    input: result_out/11_trans2loom/Adult_Spleen/loom_sce.loom, result_out/13_RcisTarget/Adult_Spleen/sce.regulons.csv
    output: result_out/14_aucell/Adult_Spleen/sce.SCENIC.loom
    jobid: 3
    reason: Missing output files: result_out/14_aucell/Adult_Spleen/sce.SCENIC.loom
    wildcards: tissue_all=Adult_Spleen
    resources: tmpdir=/tmp


[Wed Aug  6 15:59:41 2025]
rule aucell:
    input: result_out/11_trans2loom/Adult_PeripheralBlood/loom_sce.loom, result_out/13_RcisTarget/Adult_PeripheralBlood/sce.regulons.csv
    output: result_out/14_aucell/Adult_PeripheralBlood/sce.SCENIC.loom
    jobid: 2
    reason: Missing output files: result_out/14_aucell/Adult_PeripheralBlood/sce.SCENIC.loom
    wildcards: tissue_all=Adult_PeripheralBlood
    resources: tmpdir=/tmp


[Wed Aug  6 15:59:41 2025]
rule aucell:
    input: result_out/11_trans2loom/Adult_PeritonealCavity/loom_sce.loom, result_out/13_RcisTarget/Adult_PeritonealCavity/sce.regulons.csv
    output: result_out/14_aucell/Adult_PeritonealCavity/sce.SCENIC.loom
    jobid: 4
    reason: Missing output files: result_out/14_aucell/Adult_PeritonealCavity/sce.SCENIC.loom
    wildcards: tissue_all=Adult_PeritonealCavity
    resources: tmpdir=/tmp

[Wed Aug  6 16:00:08 2025]
Finished job 3.
1 of 5 steps (20%) done
[Wed Aug  6 16:00:13 2025]
Finished job 2.
2 of 5 steps (40%) done
[Wed Aug  6 16:00:19 2025]
Finished job 1.
3 of 5 steps (60%) done
[Wed Aug  6 16:00:31 2025]
Finished job 4.
4 of 5 steps (80%) done
Select jobs to execute...

[Wed Aug  6 16:00:31 2025]
localrule all_aucell:
    input: result_out/14_aucell/Adult_BoneMarrow/sce.SCENIC.loom, result_out/14_aucell/Adult_PeripheralBlood/sce.SCENIC.loom, result_out/14_aucell/Adult_Spleen/sce.SCENIC.loom, result_out/14_aucell/Adult_PeritonealCavity/sce.SCENIC.loom
    jobid: 0
    reason: Input files updated by another job: result_out/14_aucell/Adult_PeripheralBlood/sce.SCENIC.loom, result_out/14_aucell/Adult_Spleen/sce.SCENIC.loom, result_out/14_aucell/Adult_PeritonealCavity/sce.SCENIC.loom, result_out/14_aucell/Adult_BoneMarrow/sce.SCENIC.loom
    resources: tmpdir=/tmp

[Wed Aug  6 16:00:31 2025]
Finished job 0.
5 of 5 steps (100%) done
Complete log: .snakemake/log/2025-08-06T155941.049741.snakemake.log
