Assuming unrestricted shared filesystem usage.
None
host: test
Building DAG of jobs...
Using shell: /usr/bin/bash
Provided cores: 1 (use --cores to define parallelism)
Rules claiming more threads will be scaled down.
Job stats:
job                         count
------------------------  -------
all_rawdata_merge_non10x        1
rawdata_merge_non10x            3
total                           4

Select jobs to execute...
Execute 1 jobs...
[Wed Jul 30 17:58:03 2025]
localrule rawdata_merge_non10x:
    input: data/Adult_Spleen
    output: figure_out/01_rawdata_merge/Adult_Spleen/integrated.pdf, result_out/01_rawdata_merge/Adult_Spleen/seurat_raw.Rdata
    jobid: 3
    reason: Missing output files: result_out/01_rawdata_merge/Adult_Spleen/seurat_raw.Rdata, figure_out/01_rawdata_merge/Adult_Spleen/integrated.pdf
    wildcards: tissue_non10x=Adult_Spleen
    resources: tmpdir=/tmp
Select jobs to execute...
Terminating processes on user request, this might take some time.
RuleException:
CalledProcessError in file "/home/test/workshop/B1/scDB_mine/Snakefile", line 47:
Command 'set -euo pipefail;  Rscript --vanilla /home/test/workshop/B1/scDB_mine/.snakemake/scripts/tmpknhmfn2b.01_rawdata_merge_non10x.R' returned non-zero exit status 1.
[Wed Jul 30 17:58:17 2025]
Error in rule rawdata_merge_non10x:
    message: None
    jobid: 3
    input: data/Adult_Spleen
    output: figure_out/01_rawdata_merge/Adult_Spleen/integrated.pdf, result_out/01_rawdata_merge/Adult_Spleen/seurat_raw.Rdata
Complete log(s): /home/test/workshop/B1/scDB_mine/.snakemake/log/2025-07-30T175803.863791.snakemake.log
WorkflowError:
At least one job did not complete successfully.
