Building DAG of jobs...
Using shell: /usr/bin/bash
Provided cores: 4
Rules claiming more threads will be scaled down.
Job stats:
job               count
--------------  -------
all_trans2loom        1
trans2loom            1
total                 2

Select jobs to execute...

[Mon Aug 11 15:11:03 2025]
rule trans2loom:
    input: result_out/10_SubcellAnnoCheck/Adult_BoneMarrow/loom_expression.csv
    output: result_out/11_trans2loom/Adult_BoneMarrow/loom_sce.loom
    jobid: 1
    reason: Missing output files: result_out/11_trans2loom/Adult_BoneMarrow/loom_sce.loom; Code has changed since last execution
    wildcards: tissue_all=Adult_BoneMarrow
    resources: tmpdir=/tmp

[Mon Aug 11 15:11:10 2025]
Finished job 1.
1 of 2 steps (50%) done
Select jobs to execute...

[Mon Aug 11 15:11:10 2025]
localrule all_trans2loom:
    input: result_out/11_trans2loom/Adult_BoneMarrow/loom_sce.loom, result_out/11_trans2loom/Adult_PeripheralBlood/loom_sce.loom, result_out/11_trans2loom/Adult_Spleen/loom_sce.loom, result_out/11_trans2loom/Adult_PeritonealCavity/loom_sce.loom
    jobid: 0
    reason: Input files updated by another job: result_out/11_trans2loom/Adult_BoneMarrow/loom_sce.loom
    resources: tmpdir=/tmp

[Mon Aug 11 15:11:10 2025]
Finished job 0.
2 of 2 steps (100%) done
Complete log: .snakemake/log/2025-08-11T151103.365003.snakemake.log
