Building DAG of jobs...
Using shell: /usr/bin/bash
Provided cores: 4
Rules claiming more threads will be scaled down.
Job stats:
job               count
--------------  -------
RcisTarget            1
all_RcisTarget        1
total                 2

Select jobs to execute...

[Mon Aug 11 16:30:22 2025]
rule RcisTarget:
    input: result_out/11_trans2loom/Adult_BoneMarrow/loom_sce.loom, result_out/12_pyscenic_grn/Adult_BoneMarrow/sce.adj.tsv
    output: result_out/13_RcisTarget/Adult_BoneMarrow/sce.regulons.csv
    jobid: 1
    reason: Missing output files: result_out/13_RcisTarget/Adult_BoneMarrow/sce.regulons.csv
    wildcards: tissue_all=Adult_BoneMarrow
    resources: tmpdir=/tmp

[Mon Aug 11 16:40:29 2025]
Finished job 1.
1 of 2 steps (50%) done
Select jobs to execute...

[Mon Aug 11 16:40:29 2025]
localrule all_RcisTarget:
    input: result_out/13_RcisTarget/Adult_BoneMarrow/sce.regulons.csv, result_out/13_RcisTarget/Adult_PeripheralBlood/sce.regulons.csv, result_out/13_RcisTarget/Adult_Spleen/sce.regulons.csv, result_out/13_RcisTarget/Adult_PeritonealCavity/sce.regulons.csv
    jobid: 0
    reason: Input files updated by another job: result_out/13_RcisTarget/Adult_BoneMarrow/sce.regulons.csv
    resources: tmpdir=/tmp

[Mon Aug 11 16:40:29 2025]
Finished job 0.
2 of 2 steps (100%) done
Complete log: .snakemake/log/2025-08-11T163021.778055.snakemake.log
