Building DAG of jobs...
Using shell: /usr/bin/bash
Provided cores: 4
Rules claiming more threads will be scaled down.
Job stats:
job               count
--------------  -------
all_trans2loom        1
trans2loom            1
total                 2

Select jobs to execute...

[Wed Aug  6 10:30:28 2025]
rule trans2loom:
    input: result_out/10_SubcellAnnoCheck/Adult_PeripheralBlood/loom_expression.csv
    output: result_out/11_trans2loom/Adult_PeripheralBlood/loom_sce.loom
    jobid: 2
    reason: Missing output files: result_out/11_trans2loom/Adult_PeripheralBlood/loom_sce.loom
    wildcards: tissue_all=Adult_PeripheralBlood
    resources: tmpdir=/tmp

[Wed Aug  6 10:30:34 2025]
Finished job 2.
1 of 2 steps (50%) done
Select jobs to execute...

[Wed Aug  6 10:30:34 2025]
localrule all_trans2loom:
    input: result_out/11_trans2loom/Adult_BoneMarrow/loom_sce.loom, result_out/11_trans2loom/Adult_PeripheralBlood/loom_sce.loom, result_out/11_trans2loom/Adult_Spleen/loom_sce.loom, result_out/11_trans2loom/Adult_PeritonealCavity/loom_sce.loom
    jobid: 0
    reason: Input files updated by another job: result_out/11_trans2loom/Adult_PeripheralBlood/loom_sce.loom
    resources: tmpdir=/tmp

[Wed Aug  6 10:30:34 2025]
Finished job 0.
2 of 2 steps (100%) done
Complete log: .snakemake/log/2025-08-06T103028.490346.snakemake.log
