Assuming unrestricted shared filesystem usage.
None
host: test
Building DAG of jobs...
Using shell: /usr/bin/bash
Provided cores: 4
Rules claiming more threads will be scaled down.
Job stats:
job                     count
--------------------  -------
SubcellAnnoCheck            4
all_SubcellAnnoCheck        1
total                       5

Select jobs to execute...
Execute 4 jobs...
[Mon Aug  4 18:23:04 2025]
localrule SubcellAnnoCheck:
    input: result_out/09_Subset_CellAnno/Adult_PeripheralBlood/seurat_output.Rdata
    output: result_out/10_SubcellAnnoCheck/Adult_PeripheralBlood/seurat_rdata.Rdata, figure_out/10_SubcellAnnoCheck/Adult_PeripheralBlood/Dimplot.pdf
    jobid: 2
    reason: Missing output files: figure_out/10_SubcellAnnoCheck/Adult_PeripheralBlood/Dimplot.pdf
    wildcards: tissue_all=Adult_PeripheralBlood
    resources: tmpdir=/tmp
[Mon Aug  4 18:23:04 2025]
localrule SubcellAnnoCheck:
    input: result_out/09_Subset_CellAnno/Adult_BoneMarrow/seurat_output.Rdata
    output: result_out/10_SubcellAnnoCheck/Adult_BoneMarrow/seurat_rdata.Rdata, figure_out/10_SubcellAnnoCheck/Adult_BoneMarrow/Dimplot.pdf
    jobid: 1
    reason: Missing output files: figure_out/10_SubcellAnnoCheck/Adult_BoneMarrow/Dimplot.pdf
    wildcards: tissue_all=Adult_BoneMarrow
    resources: tmpdir=/tmp
[Mon Aug  4 18:23:04 2025]
localrule SubcellAnnoCheck:
    input: result_out/09_Subset_CellAnno/Adult_Spleen/seurat_output.Rdata
    output: result_out/10_SubcellAnnoCheck/Adult_Spleen/seurat_rdata.Rdata, figure_out/10_SubcellAnnoCheck/Adult_Spleen/Dimplot.pdf
    jobid: 3
    reason: Missing output files: figure_out/10_SubcellAnnoCheck/Adult_Spleen/Dimplot.pdf
    wildcards: tissue_all=Adult_Spleen
    resources: tmpdir=/tmp
[Mon Aug  4 18:23:04 2025]
localrule SubcellAnnoCheck:
    input: result_out/09_Subset_CellAnno/Adult_PeritonealCavity/seurat_output.Rdata
    output: result_out/10_SubcellAnnoCheck/Adult_PeritonealCavity/seurat_rdata.Rdata, figure_out/10_SubcellAnnoCheck/Adult_PeritonealCavity/Dimplot.pdf
    jobid: 4
    reason: Missing output files: figure_out/10_SubcellAnnoCheck/Adult_PeritonealCavity/Dimplot.pdf
    wildcards: tissue_all=Adult_PeritonealCavity
    resources: tmpdir=/tmp
[Mon Aug  4 18:23:22 2025]
Finished jobid: 3 (Rule: SubcellAnnoCheck)
1 of 5 steps (20%) done
[Mon Aug  4 18:23:29 2025]
Finished jobid: 2 (Rule: SubcellAnnoCheck)
2 of 5 steps (40%) done
[Mon Aug  4 18:23:34 2025]
Finished jobid: 1 (Rule: SubcellAnnoCheck)
3 of 5 steps (60%) done
[Mon Aug  4 18:23:47 2025]
Finished jobid: 4 (Rule: SubcellAnnoCheck)
4 of 5 steps (80%) done
Select jobs to execute...
Execute 1 jobs...
[Mon Aug  4 18:23:47 2025]
localrule all_SubcellAnnoCheck:
    input: result_out/10_SubcellAnnoCheck/Adult_BoneMarrow/seurat_rdata.Rdata, result_out/10_SubcellAnnoCheck/Adult_PeripheralBlood/seurat_rdata.Rdata, result_out/10_SubcellAnnoCheck/Adult_Spleen/seurat_rdata.Rdata, result_out/10_SubcellAnnoCheck/Adult_PeritonealCavity/seurat_rdata.Rdata, figure_out/10_SubcellAnnoCheck/Adult_BoneMarrow/Dimplot.pdf, figure_out/10_SubcellAnnoCheck/Adult_PeripheralBlood/Dimplot.pdf, figure_out/10_SubcellAnnoCheck/Adult_Spleen/Dimplot.pdf, figure_out/10_SubcellAnnoCheck/Adult_PeritonealCavity/Dimplot.pdf
    jobid: 0
    reason: Input files updated by another job: figure_out/10_SubcellAnnoCheck/Adult_PeritonealCavity/Dimplot.pdf, result_out/10_SubcellAnnoCheck/Adult_Spleen/seurat_rdata.Rdata, result_out/10_SubcellAnnoCheck/Adult_PeritonealCavity/seurat_rdata.Rdata, figure_out/10_SubcellAnnoCheck/Adult_BoneMarrow/Dimplot.pdf, result_out/10_SubcellAnnoCheck/Adult_BoneMarrow/seurat_rdata.Rdata, figure_out/10_SubcellAnnoCheck/Adult_Spleen/Dimplot.pdf, result_out/10_SubcellAnnoCheck/Adult_PeripheralBlood/seurat_rdata.Rdata, figure_out/10_SubcellAnnoCheck/Adult_PeripheralBlood/Dimplot.pdf
    resources: tmpdir=/tmp
[Mon Aug  4 18:23:47 2025]
Finished jobid: 0 (Rule: all_SubcellAnnoCheck)
5 of 5 steps (100%) done
Complete log(s): /home/test/workshop/B1/scDB_mine/.snakemake/log/2025-08-04T182304.791291.snakemake.log
